[    14.111] (--) Log file renamed from "/home/seominjun/.local/share/xorg/Xorg.pid-746.log" to "/home/seominjun/.local/share/xorg/Xorg.0.log"
[    14.115] 
X.Org X Server 1.20.8
X Protocol Version 11, Revision 0
[    14.115] Build Operating System: Linux 4.4.0-177-generic x86_64 Ubuntu
[    14.115] Current Operating System: Linux seominjun-VirtualBox 5.4.0-33-generic #37-Ubuntu SMP Thu May 21 12:53:59 UTC 2020 x86_64
[    14.115] Kernel command line: BOOT_IMAGE=/boot/vmlinuz-5.4.0-33-generic root=UUID=9e74e492-203b-4fcd-a0e8-09f9c4ac3747 ro quiet splash
[    14.115] Build Date: 06 April 2020  09:39:29AM
[    14.115] xorg-server 2:1.20.8-2ubuntu2 (For technical support please see http://www.ubuntu.com/support) 
[    14.115] Current version of pixman: 0.38.4
[    14.115] 	Before reporting problems, check http://wiki.x.org
	to make sure that you have the latest version.
[    14.115] Markers: (--) probed, (**) from config file, (==) default setting,
	(++) from command line, (!!) notice, (II) informational,
	(WW) warning, (EE) error, (NI) not implemented, (??) unknown.
[    14.115] (==) Log file: "/home/seominjun/.local/share/xorg/Xorg.0.log", Time: Thu Jun  4 14:16:23 2020
[    14.118] (==) Using system config directory "/usr/share/X11/xorg.conf.d"
[    14.123] (==) No Layout section.  Using the first Screen section.
[    14.123] (==) No screen section available. Using defaults.
[    14.123] (**) |-->Screen "Default Screen Section" (0)
[    14.123] (**) |   |-->Monitor "<default monitor>"
[    14.124] (==) No monitor specified for screen "Default Screen Section".
	Using a default monitor configuration.
[    14.124] (==) Automatically adding devices
[    14.124] (==) Automatically enabling devices
[    14.124] (==) Automatically adding GPU devices
[    14.124] (==) Automatically binding GPU devices
[    14.124] (==) Max clients allowed: 256, resource mask: 0x1fffff
[    14.138] (WW) The directory "/usr/share/fonts/X11/cyrillic" does not exist.
[    14.138] 	Entry deleted from font path.
[    14.138] (WW) The directory "/usr/share/fonts/X11/100dpi/" does not exist.
[    14.138] 	Entry deleted from font path.
[    14.138] (WW) The directory "/usr/share/fonts/X11/75dpi/" does not exist.
[    14.138] 	Entry deleted from font path.
[    14.138] (WW) The directory "/usr/share/fonts/X11/100dpi" does not exist.
[    14.138] 	Entry deleted from font path.
[    14.138] (WW) The directory "/usr/share/fonts/X11/75dpi" does not exist.
[    14.138] 	Entry deleted from font path.
[    14.139] (==) FontPath set to:
	/usr/share/fonts/X11/misc,
	/usr/share/fonts/X11/Type1,
	built-ins
[    14.139] (==) ModulePath set to "/usr/lib/xorg/modules"
[    14.139] (II) The server relies on udev to provide the list of input devices.
	If no devices become available, reconfigure udev or disable AutoAddDevices.
[    14.139] (II) Loader magic: 0x55c1a70ad020
[    14.139] (II) Module ABI versions:
[    14.139] 	X.Org ANSI C Emulation: 0.4
[    14.139] 	X.Org Video Driver: 24.1
[    14.139] 	X.Org XInput driver : 24.1
[    14.139] 	X.Org Server Extension : 10.0
[    14.141] (++) using VT number 2

[    14.158] (II) systemd-logind: took control of session /org/freedesktop/login1/session/_31
[    14.159] (II) xfree86: Adding drm device (/dev/dri/card0)
[    14.162] (II) systemd-logind: got fd for /dev/dri/card0 226:0 fd 12 paused 0
[    14.163] (--) PCI:*(0@0:2:0) 15ad:0405:15ad:0405 rev 0, Mem @ 0xe0000000/134217728, 0xe8000000/2097152, I/O @ 0x0000d000/16, BIOS @ 0x????????/131072
[    14.164] (II) LoadModule: "glx"
[    14.167] (II) Loading /usr/lib/xorg/modules/extensions/libglx.so
[    14.190] (II) Module glx: vendor="X.Org Foundation"
[    14.190] 	compiled for 1.20.8, module version = 1.0.0
[    14.190] 	ABI class: X.Org Server Extension, version 10.0
[    14.190] (==) Matched vmware as autoconfigured driver 0
[    14.190] (==) Matched modesetting as autoconfigured driver 1
[    14.190] (==) Matched fbdev as autoconfigured driver 2
[    14.190] (==) Matched vesa as autoconfigured driver 3
[    14.190] (==) Assigned the driver to the xf86ConfigLayout
[    14.190] (II) LoadModule: "vmware"
[    14.191] (II) Loading /usr/lib/xorg/modules/drivers/vmware_drv.so
[    14.349] (II) Module vmware: vendor="X.Org Foundation"
[    14.349] 	compiled for 1.20.8, module version = 13.3.0
[    14.349] 	Module class: X.Org Video Driver
[    14.349] 	ABI class: X.Org Video Driver, version 24.1
[    14.349] (II) LoadModule: "modesetting"
[    14.349] (II) Loading /usr/lib/xorg/modules/drivers/modesetting_drv.so
[    14.350] (II) Module modesetting: vendor="X.Org Foundation"
[    14.350] 	compiled for 1.20.8, module version = 1.20.8
[    14.350] 	Module class: X.Org Video Driver
[    14.350] 	ABI class: X.Org Video Driver, version 24.1
[    14.350] (II) LoadModule: "fbdev"
[    14.350] (II) Loading /usr/lib/xorg/modules/drivers/fbdev_drv.so
[    14.351] (II) Module fbdev: vendor="X.Org Foundation"
[    14.351] 	compiled for 1.20.1, module version = 0.5.0
[    14.351] 	Module class: X.Org Video Driver
[    14.351] 	ABI class: X.Org Video Driver, version 24.0
[    14.351] (II) LoadModule: "vesa"
[    14.351] (II) Loading /usr/lib/xorg/modules/drivers/vesa_drv.so
[    14.352] (II) Module vesa: vendor="X.Org Foundation"
[    14.352] 	compiled for 1.20.4, module version = 2.4.0
[    14.352] 	Module class: X.Org Video Driver
[    14.352] 	ABI class: X.Org Video Driver, version 24.0
[    14.352] (II) vmware: driver for VMware SVGA: vmware0405, vmware0710
[    14.352] (II) modesetting: Driver for Modesetting Kernel Drivers: kms
[    14.352] (II) FBDEV: driver for framebuffer: fbdev
[    14.352] (II) VESA: driver for VESA chipsets: vesa
[    14.352] xf86EnableIOPorts: failed to set IOPL for I/O (Operation not permitted)
[    14.352] (WW) Falling back to old probe method for modesetting
[    14.352] (WW) Falling back to old probe method for fbdev
[    14.352] (II) Loading sub module "fbdevhw"
[    14.352] (II) LoadModule: "fbdevhw"
[    14.352] (II) Loading /usr/lib/xorg/modules/libfbdevhw.so
[    14.354] (II) Module fbdevhw: vendor="X.Org Foundation"
[    14.354] 	compiled for 1.20.8, module version = 0.0.2
[    14.354] 	ABI class: X.Org Video Driver, version 24.1
[    14.354] (EE) open /dev/fb0: Permission denied
[    14.354] (WW) VGA arbiter: cannot open kernel arbiter, no multi-card support
[    14.354] (II) vmware(0): Creating default Display subsection in Screen section
	"Default Screen Section" for depth/fbbpp 24/32
[    14.354] (--) vmware(0): DRM driver version is 2.15.0
[    14.354] (==) vmware(0): Depth 24, (--) framebuffer bpp 32
[    14.354] (==) vmware(0): RGB weight 888
[    14.354] (==) vmware(0): Default visual is TrueColor
[    14.354] (--) vmware(0): Min width 1, Max Width 8192.
[    14.354] (--) vmware(0): Min height 1, Max Height 8192.
[    14.354] (II) vmware(0): Output Virtual1 has no monitor section
[    14.354] (II) vmware(0): Output Virtual2 has no monitor section
[    14.354] (II) vmware(0): Output Virtual3 has no monitor section
[    14.354] (II) vmware(0): Output Virtual4 has no monitor section
[    14.354] (II) vmware(0): Output Virtual5 has no monitor section
[    14.354] (II) vmware(0): Output Virtual6 has no monitor section
[    14.354] (II) vmware(0): Output Virtual7 has no monitor section
[    14.354] (II) vmware(0): Output Virtual8 has no monitor section
[    14.354] (II) vmware(0): Printing probed modes for output Virtual1
[    14.354] (II) vmware(0): Modeline "800x600"x60.0   42.75  800 850 900 950  600 650 700 750 -hsync +vsync (45.0 kHz eP)
[    14.355] (II) vmware(0): Modeline "2560x1600"x60.0  348.50  2560 2752 3032 3504  1600 1603 1609 1658 -hsync +vsync (99.5 kHz e)
[    14.355] (II) vmware(0): Modeline "1920x1440"x60.0  234.00  1920 2048 2256 2600  1440 1441 1444 1500 -hsync +vsync (90.0 kHz e)
[    14.355] (II) vmware(0): Modeline "1856x1392"x60.0  218.25  1856 1952 2176 2528  1392 1393 1396 1439 -hsync +vsync (86.3 kHz e)
[    14.355] (II) vmware(0): Modeline "1792x1344"x60.0  204.75  1792 1920 2120 2448  1344 1345 1348 1394 -hsync +vsync (83.6 kHz e)
[    14.355] (II) vmware(0): Modeline "1920x1200"x59.9  193.25  1920 2056 2256 2592  1200 1203 1209 1245 -hsync +vsync (74.6 kHz e)
[    14.355] (II) vmware(0): Modeline "1600x1200"x60.0  162.00  1600 1664 1856 2160  1200 1201 1204 1250 +hsync +vsync (75.0 kHz e)
[    14.355] (II) vmware(0): Modeline "1680x1050"x60.0  146.25  1680 1784 1960 2240  1050 1053 1059 1089 -hsync +vsync (65.3 kHz e)
[    14.355] (II) vmware(0): Modeline "1400x1050"x60.0  121.75  1400 1488 1632 1864  1050 1053 1057 1089 -hsync +vsync (65.3 kHz e)
[    14.355] (II) vmware(0): Modeline "1280x1024"x60.0  108.00  1280 1328 1440 1688  1024 1025 1028 1066 +hsync +vsync (64.0 kHz e)
[    14.355] (II) vmware(0): Modeline "1440x900"x59.9  106.50  1440 1520 1672 1904  900 903 909 934 -hsync +vsync (55.9 kHz e)
[    14.355] (II) vmware(0): Modeline "1280x960"x60.0  108.00  1280 1376 1488 1800  960 961 964 1000 +hsync +vsync (60.0 kHz e)
[    14.355] (II) vmware(0): Modeline "1360x768"x60.0   85.50  1360 1424 1536 1792  768 771 777 795 +hsync +vsync (47.7 kHz e)
[    14.355] (II) vmware(0): Modeline "1280x800"x59.8   83.50  1280 1352 1480 1680  800 803 809 831 +hsync -vsync (49.7 kHz e)
[    14.355] (II) vmware(0): Modeline "1152x864"x75.0  108.00  1152 1216 1344 1600  864 865 868 900 +hsync +vsync (67.5 kHz e)
[    14.355] (II) vmware(0): Modeline "1280x768"x59.9   79.50  1280 1344 1472 1664  768 771 778 798 -hsync +vsync (47.8 kHz e)
[    14.355] (II) vmware(0): Modeline "1024x768"x60.0   65.00  1024 1048 1184 1344  768 771 777 806 -hsync -vsync (48.4 kHz e)
[    14.355] (II) vmware(0): Modeline "800x600"x60.3   40.00  800 840 968 1056  600 601 605 628 +hsync +vsync (37.9 kHz e)
[    14.355] (II) vmware(0): Modeline "640x480"x59.9   25.18  640 656 752 800  480 489 492 525 -hsync -vsync (31.5 kHz e)
[    14.355] (II) vmware(0): EDID for output Virtual2
[    14.355] (II) vmware(0): EDID for output Virtual3
[    14.355] (II) vmware(0): EDID for output Virtual4
[    14.355] (II) vmware(0): EDID for output Virtual5
[    14.355] (II) vmware(0): EDID for output Virtual6
[    14.355] (II) vmware(0): EDID for output Virtual7
[    14.355] (II) vmware(0): EDID for output Virtual8
[    14.355] (II) vmware(0): Output Virtual1 connected
[    14.355] (II) vmware(0): Output Virtual2 disconnected
[    14.355] (II) vmware(0): Output Virtual3 disconnected
[    14.355] (II) vmware(0): Output Virtual4 disconnected
[    14.355] (II) vmware(0): Output Virtual5 disconnected
[    14.355] (II) vmware(0): Output Virtual6 disconnected
[    14.355] (II) vmware(0): Output Virtual7 disconnected
[    14.355] (II) vmware(0): Output Virtual8 disconnected
[    14.355] (II) vmware(0): Using exact sizes for initial modes
[    14.355] (II) vmware(0): Output Virtual1 using initial mode 800x600 +0+0
[    14.355] (==) vmware(0): DPI set to (96, 96)
[    14.355] (==) vmware(0): Using gamma correction (1.0, 1.0, 1.0)
[    14.355] (II) Loading sub module "fb"
[    14.355] (II) LoadModule: "fb"
[    14.355] (II) Loading /usr/lib/xorg/modules/libfb.so
[    14.356] (II) Module fb: vendor="X.Org Foundation"
[    14.356] 	compiled for 1.20.8, module version = 1.0.0
[    14.356] 	ABI class: X.Org ANSI C Emulation, version 0.4
[    14.356] (II) Loading sub module "dri2"
[    14.356] (II) LoadModule: "dri2"
[    14.356] (II) Module "dri2" already built-in
[    14.356] (II) Loading sub module "dri3"
[    14.356] (II) LoadModule: "dri3"
[    14.356] (II) Module "dri3" already built-in
[    14.356] (II) UnloadModule: "modesetting"
[    14.356] (II) Unloading modesetting
[    14.356] (II) UnloadModule: "fbdev"
[    14.357] (II) Unloading fbdev
[    14.357] (II) UnloadSubModule: "fbdevhw"
[    14.357] (II) Unloading fbdevhw
[    14.357] (II) UnloadModule: "vesa"
[    14.357] (II) Unloading vesa
[    14.358] (II) vmware(0): Initialized VMWARE_CTRL extension version 0.2
[    14.394] (II) vmware(0): Gallium3D XA version: 2.5.0.
[    14.394] (II) vmware(0): Path of drm device is "/dev/dri/card0".
[    14.394] (II) vmware(0): [DRI2] Setup complete
[    14.394] (II) vmware(0): [DRI2]   DRI driver: vmwgfx
[    14.633] (--) vmware(0): Render acceleration is enabled.
[    14.633] (==) vmware(0): Rendercheck mode is disabled.
[    14.633] (--) vmware(0): Direct rendering (DRI2 3D) is enabled.
[    14.633] (--) vmware(0): Direct rendering (DRI3 3D) is enabled.
[    14.633] (==) vmware(0): Direct presents are disabled.
[    14.633] (==) vmware(0): Hardware only presents are disabled.
[    14.633] (==) vmware(0): Backing store enabled
[    14.633] (==) vmware(0): Silken mouse enabled
[    14.636] (==) vmware(0): DPMS enabled
[    14.636] (II) Initializing extension Generic Event Extension
[    14.636] (II) Initializing extension SHAPE
[    14.638] (II) Initializing extension MIT-SHM
[    14.638] (II) Initializing extension XInputExtension
[    14.640] (II) Initializing extension XTEST
[    14.640] (II) Initializing extension BIG-REQUESTS
[    14.640] (II) Initializing extension SYNC
[    14.640] (II) Initializing extension XKEYBOARD
[    14.641] (II) Initializing extension XC-MISC
[    14.641] (II) Initializing extension SECURITY
[    14.641] (II) Initializing extension XFIXES
[    14.642] (II) Initializing extension RENDER
[    14.642] (II) Initializing extension RANDR
[    14.643] (II) Initializing extension COMPOSITE
[    14.647] (II) Initializing extension DAMAGE
[    14.648] (II) Initializing extension MIT-SCREEN-SAVER
[    14.657] (II) Initializing extension DOUBLE-BUFFER
[    14.657] (II) Initializing extension RECORD
[    14.658] (II) Initializing extension DPMS
[    14.658] (II) Initializing extension Present
[    14.658] (II) Initializing extension DRI3
[    14.658] (II) Initializing extension X-Resource
[    14.659] (II) Initializing extension XVideo
[    14.659] (II) Initializing extension XVideo-MotionCompensation
[    14.659] (II) Initializing extension SELinux
[    14.659] (II) SELinux: Disabled on system
[    14.659] (II) Initializing extension GLX
[    14.696] (II) AIGLX: Loaded and initialized vmwgfx
[    14.696] (II) GLX: Initialized DRI2 GL provider for screen 0
[    14.696] (II) Initializing extension XFree86-VidModeExtension
[    14.696] (II) Initializing extension XFree86-DGA
[    14.696] (II) Initializing extension XFree86-DRI
[    14.696] (II) Initializing extension DRI2
[    14.699] (II) vmware(0): Setting screen physical size to 211 x 158
[    14.840] (II) config/udev: Adding input device Power Button (/dev/input/event0)
[    14.840] (**) Power Button: Applying InputClass "libinput keyboard catchall"
[    14.840] (II) LoadModule: "libinput"
[    14.840] (II) Loading /usr/lib/xorg/modules/input/libinput_drv.so
[    14.852] (II) Module libinput: vendor="X.Org Foundation"
[    14.852] 	compiled for 1.20.4, module version = 0.29.0
[    14.852] 	Module class: X.Org XInput Driver
[    14.852] 	ABI class: X.Org XInput driver, version 24.1
[    14.852] (II) Using input driver 'libinput' for 'Power Button'
[    14.855] (II) systemd-logind: got fd for /dev/input/event0 13:64 fd 24 paused 0
[    14.855] (**) Power Button: always reports core events
[    14.855] (**) Option "Device" "/dev/input/event0"
[    14.855] (**) Option "_source" "server/udev"
[    14.871] (II) event0  - Power Button: is tagged by udev as: Keyboard
[    14.871] (II) event0  - Power Button: device is a keyboard
[    14.871] (II) event0  - Power Button: device removed
[    14.871] (**) Option "config_info" "udev:/sys/devices/LNXSYSTM:00/LNXPWRBN:00/input/input0/event0"
[    14.871] (II) XINPUT: Adding extended input device "Power Button" (type: KEYBOARD, id 6)
[    14.871] (**) Option "xkb_model" "pc105"
[    14.871] (**) Option "xkb_layout" "kr"
[    14.871] (**) Option "xkb_variant" "kr104"
[    14.951] (II) event0  - Power Button: is tagged by udev as: Keyboard
[    14.951] (II) event0  - Power Button: device is a keyboard
[    14.958] (II) config/udev: Adding input device Sleep Button (/dev/input/event1)
[    14.958] (**) Sleep Button: Applying InputClass "libinput keyboard catchall"
[    14.958] (II) Using input driver 'libinput' for 'Sleep Button'
[    14.960] (II) systemd-logind: got fd for /dev/input/event1 13:65 fd 27 paused 0
[    14.960] (**) Sleep Button: always reports core events
[    14.960] (**) Option "Device" "/dev/input/event1"
[    14.960] (**) Option "_source" "server/udev"
[    14.961] (II) event1  - Sleep Button: is tagged by udev as: Keyboard
[    14.961] (II) event1  - Sleep Button: device is a keyboard
[    14.961] (II) event1  - Sleep Button: device removed
[    14.961] (**) Option "config_info" "udev:/sys/devices/LNXSYSTM:00/LNXSLPBN:00/input/input1/event1"
[    14.961] (II) XINPUT: Adding extended input device "Sleep Button" (type: KEYBOARD, id 7)
[    14.961] (**) Option "xkb_model" "pc105"
[    14.965] (**) Option "xkb_layout" "kr"
[    14.965] (**) Option "xkb_variant" "kr104"
[    14.966] (II) event1  - Sleep Button: is tagged by udev as: Keyboard
[    14.966] (II) event1  - Sleep Button: device is a keyboard
[    14.967] (II) config/udev: Adding input device Video Bus (/dev/input/event3)
[    14.967] (**) Video Bus: Applying InputClass "libinput keyboard catchall"
[    14.967] (II) Using input driver 'libinput' for 'Video Bus'
[    14.969] (II) systemd-logind: got fd for /dev/input/event3 13:67 fd 28 paused 0
[    14.969] (**) Video Bus: always reports core events
[    14.969] (**) Option "Device" "/dev/input/event3"
[    14.969] (**) Option "_source" "server/udev"
[    14.975] (II) event3  - Video Bus: is tagged by udev as: Keyboard
[    14.975] (II) event3  - Video Bus: device is a keyboard
[    14.976] (II) event3  - Video Bus: device removed
[    14.976] (**) Option "config_info" "udev:/sys/devices/LNXSYSTM:00/LNXSYBUS:00/PNP0A03:00/LNXVIDEO:00/input/input4/event3"
[    14.976] (II) XINPUT: Adding extended input device "Video Bus" (type: KEYBOARD, id 8)
[    14.976] (**) Option "xkb_model" "pc105"
[    14.976] (**) Option "xkb_layout" "kr"
[    14.976] (**) Option "xkb_variant" "kr104"
[    14.977] (II) event3  - Video Bus: is tagged by udev as: Keyboard
[    14.977] (II) event3  - Video Bus: device is a keyboard
[    14.978] (II) config/udev: Adding input device VirtualBox mouse integration (/dev/input/event6)
[    14.978] (**) VirtualBox mouse integration: Applying InputClass "libinput pointer catchall"
[    14.978] (II) Using input driver 'libinput' for 'VirtualBox mouse integration'
[    14.983] (II) systemd-logind: got fd for /dev/input/event6 13:70 fd 29 paused 0
[    14.983] (**) VirtualBox mouse integration: always reports core events
[    14.983] (**) Option "Device" "/dev/input/event6"
[    14.983] (**) Option "_source" "server/udev"
[    14.990] (II) event6  - VirtualBox mouse integration: is tagged by udev as: Mouse
[    14.990] (II) event6  - VirtualBox mouse integration: device is a pointer
[    14.990] (II) event6  - VirtualBox mouse integration: device removed
[    14.991] (**) Option "config_info" "udev:/sys/devices/pci0000:00/0000:00:04.0/input/input7/event6"
[    14.991] (II) XINPUT: Adding extended input device "VirtualBox mouse integration" (type: MOUSE, id 9)
[    14.991] (**) Option "AccelerationScheme" "none"
[    14.991] (**) VirtualBox mouse integration: (accel) selected scheme none/0
[    14.991] (**) VirtualBox mouse integration: (accel) acceleration factor: 2.000
[    14.991] (**) VirtualBox mouse integration: (accel) acceleration threshold: 4
[    14.993] (II) event6  - VirtualBox mouse integration: is tagged by udev as: Mouse
[    14.994] (II) event6  - VirtualBox mouse integration: device is a pointer
[    14.994] (II) config/udev: Adding input device VirtualBox mouse integration (/dev/input/js1)
[    14.994] (II) No input driver specified, ignoring this device.
[    14.994] (II) This device may have been added with another device file.
[    14.998] (II) config/udev: Adding input device VirtualBox USB Tablet (/dev/input/event4)
[    14.998] (**) VirtualBox USB Tablet: Applying InputClass "libinput pointer catchall"
[    14.998] (II) Using input driver 'libinput' for 'VirtualBox USB Tablet'
[    15.058] (II) systemd-logind: got fd for /dev/input/event4 13:68 fd 30 paused 0
[    15.058] (**) VirtualBox USB Tablet: always reports core events
[    15.058] (**) Option "Device" "/dev/input/event4"
[    15.058] (**) Option "_source" "server/udev"
[    15.059] (II) event4  - VirtualBox USB Tablet: is tagged by udev as: Mouse
[    15.060] (II) event4  - VirtualBox USB Tablet: device is a pointer
[    15.060] (II) event4  - VirtualBox USB Tablet: device removed
[    15.060] (**) Option "config_info" "udev:/sys/devices/pci0000:00/0000:00:0c.0/usb1/1-1/1-1:1.0/0003:80EE:0021.0001/input/input6/event4"
[    15.060] (II) XINPUT: Adding extended input device "VirtualBox USB Tablet" (type: MOUSE, id 10)
[    15.060] (**) Option "AccelerationScheme" "none"
[    15.060] (**) VirtualBox USB Tablet: (accel) selected scheme none/0
[    15.060] (**) VirtualBox USB Tablet: (accel) acceleration factor: 2.000
[    15.060] (**) VirtualBox USB Tablet: (accel) acceleration threshold: 4
[    15.063] (II) event4  - VirtualBox USB Tablet: is tagged by udev as: Mouse
[    15.063] (II) event4  - VirtualBox USB Tablet: device is a pointer
[    15.064] (II) config/udev: Adding input device VirtualBox USB Tablet (/dev/input/js0)
[    15.064] (II) No input driver specified, ignoring this device.
[    15.064] (II) This device may have been added with another device file.
[    15.065] (II) config/udev: Adding input device VirtualBox USB Tablet (/dev/input/mouse0)
[    15.065] (II) No input driver specified, ignoring this device.
[    15.065] (II) This device may have been added with another device file.
[    15.065] (II) config/udev: Adding input device AT Translated Set 2 keyboard (/dev/input/event2)
[    15.066] (**) AT Translated Set 2 keyboard: Applying InputClass "libinput keyboard catchall"
[    15.066] (II) Using input driver 'libinput' for 'AT Translated Set 2 keyboard'
[    15.067] (II) systemd-logind: got fd for /dev/input/event2 13:66 fd 31 paused 0
[    15.067] (**) AT Translated Set 2 keyboard: always reports core events
[    15.068] (**) Option "Device" "/dev/input/event2"
[    15.068] (**) Option "_source" "server/udev"
[    15.070] (II) event2  - AT Translated Set 2 keyboard: is tagged by udev as: Keyboard
[    15.070] (II) event2  - AT Translated Set 2 keyboard: device is a keyboard
[    15.073] (II) event2  - AT Translated Set 2 keyboard: device removed
[    15.073] (**) Option "config_info" "udev:/sys/devices/platform/i8042/serio0/input/input2/event2"
[    15.073] (II) XINPUT: Adding extended input device "AT Translated Set 2 keyboard" (type: KEYBOARD, id 11)
[    15.073] (**) Option "xkb_model" "pc105"
[    15.073] (**) Option "xkb_layout" "kr"
[    15.073] (**) Option "xkb_variant" "kr104"
[    15.076] (II) event2  - AT Translated Set 2 keyboard: is tagged by udev as: Keyboard
[    15.076] (II) event2  - AT Translated Set 2 keyboard: device is a keyboard
[    15.086] (II) config/udev: Adding input device ImExPS/2 Generic Explorer Mouse (/dev/input/event5)
[    15.086] (**) ImExPS/2 Generic Explorer Mouse: Applying InputClass "libinput pointer catchall"
[    15.086] (II) Using input driver 'libinput' for 'ImExPS/2 Generic Explorer Mouse'
[    15.090] (II) systemd-logind: got fd for /dev/input/event5 13:69 fd 32 paused 0
[    15.090] (**) ImExPS/2 Generic Explorer Mouse: always reports core events
[    15.090] (**) Option "Device" "/dev/input/event5"
[    15.090] (**) Option "_source" "server/udev"
[    15.091] (II) event5  - ImExPS/2 Generic Explorer Mouse: is tagged by udev as: Mouse
[    15.091] (II) event5  - ImExPS/2 Generic Explorer Mouse: device is a pointer
[    15.093] (II) event5  - ImExPS/2 Generic Explorer Mouse: device removed
[    15.093] (**) Option "config_info" "udev:/sys/devices/platform/i8042/serio1/input/input5/event5"
[    15.093] (II) XINPUT: Adding extended input device "ImExPS/2 Generic Explorer Mouse" (type: MOUSE, id 12)
[    15.098] (**) Option "AccelerationScheme" "none"
[    15.098] (**) ImExPS/2 Generic Explorer Mouse: (accel) selected scheme none/0
[    15.098] (**) ImExPS/2 Generic Explorer Mouse: (accel) acceleration factor: 2.000
[    15.098] (**) ImExPS/2 Generic Explorer Mouse: (accel) acceleration threshold: 4
[    15.099] (II) event5  - ImExPS/2 Generic Explorer Mouse: is tagged by udev as: Mouse
[    15.099] (II) event5  - ImExPS/2 Generic Explorer Mouse: device is a pointer
[    15.100] (II) config/udev: Adding input device ImExPS/2 Generic Explorer Mouse (/dev/input/mouse1)
[    15.100] (II) No input driver specified, ignoring this device.
[    15.100] (II) This device may have been added with another device file.
[    28.957] (!!) vmware(0): New layout.
[    28.957] (!!) vmware(0): 0: 0 0 800 600
[    28.957] (!!) vmware(0): 
[    29.442] (II) config/udev: Adding input device ImExPS/2 Generic Explorer Mouse (/dev/input/mouse1)
[    29.442] (II) No input driver specified, ignoring this device.
[    29.442] (II) This device may have been added with another device file.
[    29.474] (II) config/udev: Adding input device VirtualBox mouse integration (/dev/input/js1)
[    29.474] (II) No input driver specified, ignoring this device.
[    29.474] (II) This device may have been added with another device file.
[    29.482] (II) config/udev: Adding input device VirtualBox USB Tablet (/dev/input/mouse0)
[    29.482] (II) No input driver specified, ignoring this device.
[    29.482] (II) This device may have been added with another device file.
[    29.484] (II) config/udev: Adding input device VirtualBox USB Tablet (/dev/input/js0)
[    29.484] (II) No input driver specified, ignoring this device.
[    29.484] (II) This device may have been added with another device file.
[    29.494] (II) config/udev: removing device AT Translated Set 2 keyboard
[    29.494] (**) Option "fd" "31"
[    29.494] (II) event2  - AT Translated Set 2 keyboard: device removed
[    29.495] (II) UnloadModule: "libinput"
[    29.495] (II) systemd-logind: releasing fd for 13:66
[    29.510] (II) config/udev: Adding input device AT Translated Set 2 keyboard (/dev/input/event2)
[    29.510] (**) AT Translated Set 2 keyboard: Applying InputClass "libinput keyboard catchall"
[    29.510] (II) Using input driver 'libinput' for 'AT Translated Set 2 keyboard'
[    29.518] (II) systemd-logind: got fd for /dev/input/event2 13:66 fd 52 paused 0
[    29.518] (**) AT Translated Set 2 keyboard: always reports core events
[    29.518] (**) Option "Device" "/dev/input/event2"
[    29.518] (**) Option "_source" "server/udev"
[    29.518] (II) event2  - AT Translated Set 2 keyboard: is tagged by udev as: Keyboard
[    29.518] (II) event2  - AT Translated Set 2 keyboard: device is a keyboard
[    29.519] (II) event2  - AT Translated Set 2 keyboard: device removed
[    29.519] (**) Option "config_info" "udev:/sys/devices/platform/i8042/serio0/input/input2/event2"
[    29.519] (II) XINPUT: Adding extended input device "AT Translated Set 2 keyboard" (type: KEYBOARD, id 11)
[    29.519] (**) Option "xkb_model" "pc105"
[    29.519] (**) Option "xkb_layout" "kr"
[    29.519] (**) Option "xkb_variant" "kr104"
[    29.519] (WW) Option "xkb_options" requires a string value
[    29.521] (II) event2  - AT Translated Set 2 keyboard: is tagged by udev as: Keyboard
[    29.521] (II) event2  - AT Translated Set 2 keyboard: device is a keyboard
[    29.523] (II) config/udev: removing device VirtualBox mouse integration
[    29.523] (**) Option "fd" "29"
[    29.523] (II) event6  - VirtualBox mouse integration: device removed
[    29.536] (II) UnloadModule: "libinput"
[    29.536] (II) systemd-logind: releasing fd for 13:70
[    29.570] (II) config/udev: Adding input device VirtualBox mouse integration (/dev/input/event6)
[    29.570] (**) VirtualBox mouse integration: Applying InputClass "libinput pointer catchall"
[    29.570] (II) Using input driver 'libinput' for 'VirtualBox mouse integration'
[    29.575] (II) systemd-logind: got fd for /dev/input/event6 13:70 fd 31 paused 0
[    29.575] (**) VirtualBox mouse integration: always reports core events
[    29.575] (**) Option "Device" "/dev/input/event6"
[    29.575] (**) Option "_source" "server/udev"
[    29.575] (II) event6  - VirtualBox mouse integration: is tagged by udev as: Mouse
[    29.575] (II) event6  - VirtualBox mouse integration: device is a pointer
[    29.576] (II) event6  - VirtualBox mouse integration: device removed
[    29.576] (**) Option "config_info" "udev:/sys/devices/pci0000:00/0000:00:04.0/input/input7/event6"
[    29.576] (II) XINPUT: Adding extended input device "VirtualBox mouse integration" (type: MOUSE, id 9)
[    29.576] (**) Option "AccelerationScheme" "none"
[    29.576] (**) VirtualBox mouse integration: (accel) selected scheme none/0
[    29.576] (**) VirtualBox mouse integration: (accel) acceleration factor: 2.000
[    29.576] (**) VirtualBox mouse integration: (accel) acceleration threshold: 4
[    29.577] (II) event6  - VirtualBox mouse integration: is tagged by udev as: Mouse
[    29.577] (II) event6  - VirtualBox mouse integration: device is a pointer
[    29.580] (II) config/udev: removing device Power Button
[    29.580] (**) Option "fd" "24"
[    29.580] (II) event0  - Power Button: device removed
[    29.583] (II) UnloadModule: "libinput"
[    29.583] (II) systemd-logind: releasing fd for 13:64
[    29.602] (II) config/udev: Adding input device Power Button (/dev/input/event0)
[    29.602] (**) Power Button: Applying InputClass "libinput keyboard catchall"
[    29.602] (II) Using input driver 'libinput' for 'Power Button'
[    29.604] (II) systemd-logind: got fd for /dev/input/event0 13:64 fd 29 paused 0
[    29.604] (**) Power Button: always reports core events
[    29.604] (**) Option "Device" "/dev/input/event0"
[    29.604] (**) Option "_source" "server/udev"
[    29.605] (II) event0  - Power Button: is tagged by udev as: Keyboard
[    29.605] (II) event0  - Power Button: device is a keyboard
[    29.605] (II) event0  - Power Button: device removed
[    29.605] (**) Option "config_info" "udev:/sys/devices/LNXSYSTM:00/LNXPWRBN:00/input/input0/event0"
[    29.605] (II) XINPUT: Adding extended input device "Power Button" (type: KEYBOARD, id 6)
[    29.605] (**) Option "xkb_model" "pc105"
[    29.605] (**) Option "xkb_layout" "kr"
[    29.605] (**) Option "xkb_variant" "kr104"
[    29.605] (WW) Option "xkb_options" requires a string value
[    29.606] (II) event0  - Power Button: is tagged by udev as: Keyboard
[    29.606] (II) event0  - Power Button: device is a keyboard
[    29.608] (II) config/udev: removing device ImExPS/2 Generic Explorer Mouse
[    29.608] (**) Option "fd" "32"
[    29.608] (II) event5  - ImExPS/2 Generic Explorer Mouse: device removed
[    29.622] (II) UnloadModule: "libinput"
[    29.623] (II) systemd-logind: releasing fd for 13:69
[    29.657] (II) config/udev: Adding input device ImExPS/2 Generic Explorer Mouse (/dev/input/event5)
[    29.658] (**) ImExPS/2 Generic Explorer Mouse: Applying InputClass "libinput pointer catchall"
[    29.658] (II) Using input driver 'libinput' for 'ImExPS/2 Generic Explorer Mouse'
[    29.659] (II) systemd-logind: got fd for /dev/input/event5 13:69 fd 32 paused 0
[    29.659] (**) ImExPS/2 Generic Explorer Mouse: always reports core events
[    29.659] (**) Option "Device" "/dev/input/event5"
[    29.659] (**) Option "_source" "server/udev"
[    29.659] (II) event5  - ImExPS/2 Generic Explorer Mouse: is tagged by udev as: Mouse
[    29.659] (II) event5  - ImExPS/2 Generic Explorer Mouse: device is a pointer
[    29.660] (II) event5  - ImExPS/2 Generic Explorer Mouse: device removed
[    29.660] (**) Option "config_info" "udev:/sys/devices/platform/i8042/serio1/input/input5/event5"
[    29.660] (II) XINPUT: Adding extended input device "ImExPS/2 Generic Explorer Mouse" (type: MOUSE, id 12)
[    29.660] (**) Option "AccelerationScheme" "none"
[    29.660] (**) ImExPS/2 Generic Explorer Mouse: (accel) selected scheme none/0
[    29.660] (**) ImExPS/2 Generic Explorer Mouse: (accel) acceleration factor: 2.000
[    29.660] (**) ImExPS/2 Generic Explorer Mouse: (accel) acceleration threshold: 4
[    29.662] (II) event5  - ImExPS/2 Generic Explorer Mouse: is tagged by udev as: Mouse
[    29.663] (II) event5  - ImExPS/2 Generic Explorer Mouse: device is a pointer
[    29.664] (II) config/udev: removing device VirtualBox USB Tablet
[    29.664] (**) Option "fd" "30"
[    29.664] (II) event4  - VirtualBox USB Tablet: device removed
[    29.674] (II) UnloadModule: "libinput"
[    29.675] (II) systemd-logind: releasing fd for 13:68
[    29.710] (II) config/udev: Adding input device VirtualBox USB Tablet (/dev/input/event4)
[    29.710] (**) VirtualBox USB Tablet: Applying InputClass "libinput pointer catchall"
[    29.710] (II) Using input driver 'libinput' for 'VirtualBox USB Tablet'
[    29.770] (II) systemd-logind: got fd for /dev/input/event4 13:68 fd 30 paused 0
[    29.770] (**) VirtualBox USB Tablet: always reports core events
[    29.770] (**) Option "Device" "/dev/input/event4"
[    29.770] (**) Option "_source" "server/udev"
[    29.771] (II) event4  - VirtualBox USB Tablet: is tagged by udev as: Mouse
[    29.772] (II) event4  - VirtualBox USB Tablet: device is a pointer
[    29.772] (II) event4  - VirtualBox USB Tablet: device removed
[    29.772] (**) Option "config_info" "udev:/sys/devices/pci0000:00/0000:00:0c.0/usb1/1-1/1-1:1.0/0003:80EE:0021.0001/input/input6/event4"
[    29.772] (II) XINPUT: Adding extended input device "VirtualBox USB Tablet" (type: MOUSE, id 10)
[    29.775] (**) Option "AccelerationScheme" "none"
[    29.781] (**) VirtualBox USB Tablet: (accel) selected scheme none/0
[    29.781] (**) VirtualBox USB Tablet: (accel) acceleration factor: 2.000
[    29.781] (**) VirtualBox USB Tablet: (accel) acceleration threshold: 4
[    29.783] (II) event4  - VirtualBox USB Tablet: is tagged by udev as: Mouse
[    29.783] (II) event4  - VirtualBox USB Tablet: device is a pointer
[    29.784] (II) config/udev: removing device Sleep Button
[    29.784] (**) Option "fd" "27"
[    29.785] (II) event1  - Sleep Button: device removed
[    29.787] (II) UnloadModule: "libinput"
[    29.787] (II) systemd-logind: releasing fd for 13:65
[    29.802] (II) config/udev: Adding input device Sleep Button (/dev/input/event1)
[    29.802] (**) Sleep Button: Applying InputClass "libinput keyboard catchall"
[    29.802] (II) Using input driver 'libinput' for 'Sleep Button'
[    29.803] (II) systemd-logind: got fd for /dev/input/event1 13:65 fd 27 paused 0
[    29.803] (**) Sleep Button: always reports core events
[    29.803] (**) Option "Device" "/dev/input/event1"
[    29.803] (**) Option "_source" "server/udev"
[    29.803] (II) event1  - Sleep Button: is tagged by udev as: Keyboard
[    29.803] (II) event1  - Sleep Button: device is a keyboard
[    29.803] (II) event1  - Sleep Button: device removed
[    29.803] (**) Option "config_info" "udev:/sys/devices/LNXSYSTM:00/LNXSLPBN:00/input/input1/event1"
[    29.803] (II) XINPUT: Adding extended input device "Sleep Button" (type: KEYBOARD, id 7)
[    29.803] (**) Option "xkb_model" "pc105"
[    29.803] (**) Option "xkb_layout" "kr"
[    29.803] (**) Option "xkb_variant" "kr104"
[    29.803] (WW) Option "xkb_options" requires a string value
[    29.804] (II) event1  - Sleep Button: is tagged by udev as: Keyboard
[    29.804] (II) event1  - Sleep Button: device is a keyboard
[    29.806] (II) config/udev: removing device Video Bus
[    29.806] (**) Option "fd" "28"
[    29.806] (II) event3  - Video Bus: device removed
[    29.808] (II) UnloadModule: "libinput"
[    29.808] (II) systemd-logind: releasing fd for 13:67
[    29.818] (II) config/udev: Adding input device Video Bus (/dev/input/event3)
[    29.818] (**) Video Bus: Applying InputClass "libinput keyboard catchall"
[    29.818] (II) Using input driver 'libinput' for 'Video Bus'
[    29.819] (II) systemd-logind: got fd for /dev/input/event3 13:67 fd 28 paused 0
[    29.819] (**) Video Bus: always reports core events
[    29.819] (**) Option "Device" "/dev/input/event3"
[    29.819] (**) Option "_source" "server/udev"
[    29.819] (II) event3  - Video Bus: is tagged by udev as: Keyboard
[    29.819] (II) event3  - Video Bus: device is a keyboard
[    29.820] (II) event3  - Video Bus: device removed
[    29.820] (**) Option "config_info" "udev:/sys/devices/LNXSYSTM:00/LNXSYBUS:00/PNP0A03:00/LNXVIDEO:00/input/input4/event3"
[    29.820] (II) XINPUT: Adding extended input device "Video Bus" (type: KEYBOARD, id 8)
[    29.820] (**) Option "xkb_model" "pc105"
[    29.820] (**) Option "xkb_layout" "kr"
[    29.820] (**) Option "xkb_variant" "kr104"
[    29.820] (WW) Option "xkb_options" requires a string value
[    29.821] (II) event3  - Video Bus: is tagged by udev as: Keyboard
[    29.821] (II) event3  - Video Bus: device is a keyboard
[  3433.499] (II) config/udev: removing device VirtualBox USB Tablet
[  3433.499] (**) Option "fd" "30"
[  3433.499] (II) event4  - VirtualBox USB Tablet: device removed
[  3433.524] (II) UnloadModule: "libinput"
[  3433.524] (II) systemd-logind: releasing fd for 13:68
[  3434.181] (II) config/udev: Adding input device VirtualBox USB Tablet (/dev/input/mouse0)
[  3434.181] (II) No input driver specified, ignoring this device.
[  3434.181] (II) This device may have been added with another device file.
[  3434.181] (II) config/udev: Adding input device VirtualBox USB Tablet (/dev/input/js0)
[  3434.181] (II) No input driver specified, ignoring this device.
[  3434.181] (II) This device may have been added with another device file.
[  3434.258] (II) config/udev: Adding input device VirtualBox USB Tablet (/dev/input/event4)
[  3434.258] (**) VirtualBox USB Tablet: Applying InputClass "libinput pointer catchall"
[  3434.258] (II) Using input driver 'libinput' for 'VirtualBox USB Tablet'
[  3434.334] (II) systemd-logind: got fd for /dev/input/event4 13:68 fd 30 paused 0
[  3434.334] (**) VirtualBox USB Tablet: always reports core events
[  3434.334] (**) Option "Device" "/dev/input/event4"
[  3434.334] (**) Option "_source" "server/udev"
[  3434.335] (II) event4  - VirtualBox USB Tablet: is tagged by udev as: Mouse
[  3434.335] (II) event4  - VirtualBox USB Tablet: device is a pointer
[  3434.336] (II) event4  - VirtualBox USB Tablet: device removed
[  3434.336] (**) Option "config_info" "udev:/sys/devices/pci0000:00/0000:00:0c.0/usb1/1-1/1-1:1.0/0003:80EE:0021.0002/input/input8/event4"
[  3434.336] (II) XINPUT: Adding extended input device "VirtualBox USB Tablet" (type: MOUSE, id 10)
[  3434.339] (**) Option "AccelerationScheme" "none"
[  3434.341] (**) VirtualBox USB Tablet: (accel) selected scheme none/0
[  3434.341] (**) VirtualBox USB Tablet: (accel) acceleration factor: 2.000
[  3434.341] (**) VirtualBox USB Tablet: (accel) acceleration threshold: 4
[  3434.343] (II) event4  - VirtualBox USB Tablet: is tagged by udev as: Mouse
[  3434.343] (II) event4  - VirtualBox USB Tablet: device is a pointer
